D C:\Program Files (x86)\EAGLE-6.3.0
F 1292238660 1810 C:\Program Files (x86)\EAGLE-6.3.0\bin\designlink22.png
F 1323774720 44344 C:\Program Files (x86)\EAGLE-6.3.0\bin\eagle.def
F 1349722684 12754944 C:\Program Files (x86)\EAGLE-6.3.0\bin\eagle.exe
F 1349722684 841063 C:\Program Files (x86)\EAGLE-6.3.0\bin\eagle_de.htm
F 1349722684 347578 C:\Program Files (x86)\EAGLE-6.3.0\bin\eagle_de.qm
F 1349722684 757497 C:\Program Files (x86)\EAGLE-6.3.0\bin\eagle_en.htm
F 1326369660 336086 C:\Program Files (x86)\EAGLE-6.3.0\bin\eagle_hu.qm
F 1326369660 223323 C:\Program Files (x86)\EAGLE-6.3.0\bin\eagle_zh.qm
F 1323774720 4114 C:\Program Files (x86)\EAGLE-6.3.0\bin\freeware.key
F 840448260 798 C:\Program Files (x86)\EAGLE-6.3.0\bin\layers.new
F 1292238660 603 C:\Program Files (x86)\EAGLE-6.3.0\bin\pcb-service.png
F 1208775600 1768 C:\Program Files (x86)\EAGLE-6.3.0\bin\platforms-lin.png
F 1208775600 1907 C:\Program Files (x86)\EAGLE-6.3.0\bin\platforms-mac.png
F 1208775600 2019 C:\Program Files (x86)\EAGLE-6.3.0\bin\platforms-win.png
F 1326369660 324383 C:\Program Files (x86)\EAGLE-6.3.0\bin\qt_de.qm
F 1326369660 272162 C:\Program Files (x86)\EAGLE-6.3.0\bin\qt_hu.qm
F 1166004980 583 C:\Program Files (x86)\EAGLE-6.3.0\bin\uninstall.bat
F 829561800 103152 C:\Program Files (x86)\EAGLE-6.3.0\bin\update26.exe
F 1166004980 420 C:\Program Files (x86)\EAGLE-6.3.0\cam\DESCRIPTION
F 1166004980 1487 C:\Program Files (x86)\EAGLE-6.3.0\cam\excellon.cam
F 1269947280 9991 C:\Program Files (x86)\EAGLE-6.3.0\cam\gerb274x-4layer.cam
F 1269947280 5076 C:\Program Files (x86)\EAGLE-6.3.0\cam\gerb274x.cam
F 1269947280 6625 C:\Program Files (x86)\EAGLE-6.3.0\cam\gerber.cam
F 829561800 921 C:\Program Files (x86)\EAGLE-6.3.0\cam\glaser.whl
F 1269947280 2118 C:\Program Files (x86)\EAGLE-6.3.0\cam\layout2.cam
F 1166004980 1716 C:\Program Files (x86)\EAGLE-6.3.0\cam\schematic.cam
F 1323774720 835035 C:\Program Files (x86)\EAGLE-6.3.0\doc\connect-device-split-symbol-de.pdf
F 1323774720 829216 C:\Program Files (x86)\EAGLE-6.3.0\doc\connect-device-split-symbol-en.pdf
F 1349697780 19372 C:\Program Files (x86)\EAGLE-6.3.0\doc\eagle.dtd
F 1263294420 4932093 C:\Program Files (x86)\EAGLE-6.3.0\doc\elektro-tutorial.pdf
F 1208775600 1657 C:\Program Files (x86)\EAGLE-6.3.0\doc\library_de.txt
F 1208775600 1676 C:\Program Files (x86)\EAGLE-6.3.0\doc\library_en.txt
F 1323774720 30236 C:\Program Files (x86)\EAGLE-6.3.0\doc\license_de.txt
F 1323774720 24168 C:\Program Files (x86)\EAGLE-6.3.0\doc\license_en.txt
F 1323774720 1283566 C:\Program Files (x86)\EAGLE-6.3.0\doc\make-symbol-device-package-bsdl-2011-de.pdf
F 1323774720 1280752 C:\Program Files (x86)\EAGLE-6.3.0\doc\make-symbol-device-package-bsdl-2011-en.pdf
F 1334318520 4984819 C:\Program Files (x86)\EAGLE-6.3.0\doc\manual_de.pdf
F 1323774720 4765076 C:\Program Files (x86)\EAGLE-6.3.0\doc\manual_en.pdf
F 1334318520 4932329 C:\Program Files (x86)\EAGLE-6.3.0\doc\manual_zh.pdf
F 1323774720 4445 C:\Program Files (x86)\EAGLE-6.3.0\doc\README_de.txt
F 1323774720 4477 C:\Program Files (x86)\EAGLE-6.3.0\doc\README_en.txt
F 1349697780 935641 C:\Program Files (x86)\EAGLE-6.3.0\doc\tutorial_de.pdf
F 1349697780 894545 C:\Program Files (x86)\EAGLE-6.3.0\doc\tutorial_en.pdf
F 1334318520 942580 C:\Program Files (x86)\EAGLE-6.3.0\doc\tutorial_zh.pdf
F 1349722684 355955 C:\Program Files (x86)\EAGLE-6.3.0\doc\UPDATE_de.txt
F 1349722684 303536 C:\Program Files (x86)\EAGLE-6.3.0\doc\UPDATE_en.txt
F 1166004980 2343 C:\Program Files (x86)\EAGLE-6.3.0\dru\default.dru
F 1166004980 656 C:\Program Files (x86)\EAGLE-6.3.0\dru\DESCRIPTION
F 1349697780 799111 C:\Program Files (x86)\EAGLE-6.3.0\lbr\19inch.lbr
F 1323774720 378599 C:\Program Files (x86)\EAGLE-6.3.0\lbr\40xx.lbr
F 1323774720 29123 C:\Program Files (x86)\EAGLE-6.3.0\lbr\41xx.lbr
F 1323774720 234905 C:\Program Files (x86)\EAGLE-6.3.0\lbr\45xx.lbr
F 1323774720 388496 C:\Program Files (x86)\EAGLE-6.3.0\lbr\74ac-logic.lbr
F 1323774720 1750026 C:\Program Files (x86)\EAGLE-6.3.0\lbr\74ttl-din.lbr
F 1323774720 1281856 C:\Program Files (x86)\EAGLE-6.3.0\lbr\74xx-eu.lbr
F 1334318520 85238 C:\Program Files (x86)\EAGLE-6.3.0\lbr\74xx-little-de.lbr
F 1323774720 78355 C:\Program Files (x86)\EAGLE-6.3.0\lbr\74xx-little-us.lbr
F 1323774720 1267699 C:\Program Files (x86)\EAGLE-6.3.0\lbr\74xx-us.lbr
F 1323774720 80088 C:\Program Files (x86)\EAGLE-6.3.0\lbr\751xx.lbr
F 1323774720 57500 C:\Program Files (x86)\EAGLE-6.3.0\lbr\advanced-test-technologies.lbr
F 1323774720 29115 C:\Program Files (x86)\EAGLE-6.3.0\lbr\agilent-technologies.lbr
F 1349697780 140369 C:\Program Files (x86)\EAGLE-6.3.0\lbr\allegro.lbr
F 1323774720 1465950 C:\Program Files (x86)\EAGLE-6.3.0\lbr\altera-cyclone-II.lbr
F 1323774720 267853 C:\Program Files (x86)\EAGLE-6.3.0\lbr\altera-cyclone-III.lbr
F 1323774720 6541311 C:\Program Files (x86)\EAGLE-6.3.0\lbr\altera-stratix-iv.lbr
F 1323774720 2720071 C:\Program Files (x86)\EAGLE-6.3.0\lbr\altera.lbr
F 1323774720 271321 C:\Program Files (x86)\EAGLE-6.3.0\lbr\am29-memory.lbr
F 1323774720 689939 C:\Program Files (x86)\EAGLE-6.3.0\lbr\amd-mach.lbr
F 1323774720 22450 C:\Program Files (x86)\EAGLE-6.3.0\lbr\amd.lbr
F 1323774720 14068 C:\Program Files (x86)\EAGLE-6.3.0\lbr\amis.lbr
F 1323774720 2095916 C:\Program Files (x86)\EAGLE-6.3.0\lbr\analog-devices.lbr
F 1323774720 23090 C:\Program Files (x86)\EAGLE-6.3.0\lbr\ase.lbr
F 1323774720 1160331 C:\Program Files (x86)\EAGLE-6.3.0\lbr\atmel.lbr
F 1323774720 17458 C:\Program Files (x86)\EAGLE-6.3.0\lbr\austriamicrosystems.lbr
F 1334318520 45404 C:\Program Files (x86)\EAGLE-6.3.0\lbr\avago.lbr
F 1323774720 28144 C:\Program Files (x86)\EAGLE-6.3.0\lbr\axis.lbr
F 1323774720 178295 C:\Program Files (x86)\EAGLE-6.3.0\lbr\battery.lbr
F 1323774720 29466 C:\Program Files (x86)\EAGLE-6.3.0\lbr\belton-engineering.lbr
F 1323774720 1119505 C:\Program Files (x86)\EAGLE-6.3.0\lbr\burr-brown.lbr
F 1323774720 85714 C:\Program Files (x86)\EAGLE-6.3.0\lbr\busbar.lbr
F 1323774720 104581 C:\Program Files (x86)\EAGLE-6.3.0\lbr\buzzer.lbr
F 1323774720 22454 C:\Program Files (x86)\EAGLE-6.3.0\lbr\c-trimm.lbr
F 1323774720 10472 C:\Program Files (x86)\EAGLE-6.3.0\lbr\california-micro-devices.lbr
F 1323774720 92918 C:\Program Files (x86)\EAGLE-6.3.0\lbr\capacitor-wima.lbr
F 1349697780 216134 C:\Program Files (x86)\EAGLE-6.3.0\lbr\ChangeLog.txt
F 1323774720 60095 C:\Program Files (x86)\EAGLE-6.3.0\lbr\chipcard-siemens.lbr
F 1334318520 25039 C:\Program Files (x86)\EAGLE-6.3.0\lbr\cirrus-logic.lbr
F 1323774720 1375549 C:\Program Files (x86)\EAGLE-6.3.0\lbr\con-3m.lbr
F 1323774720 9695 C:\Program Files (x86)\EAGLE-6.3.0\lbr\con-4ucon.lbr
F 1323774720 368370 C:\Program Files (x86)\EAGLE-6.3.0\lbr\con-amp-champ.lbr
F 1323774720 57287 C:\Program Files (x86)\EAGLE-6.3.0\lbr\con-amp-micromatch.lbr
F 1323774720 502218 C:\Program Files (x86)\EAGLE-6.3.0\lbr\con-amp-mt.lbr
F 1323774720 121194 C:\Program Files (x86)\EAGLE-6.3.0\lbr\con-amp-mt6.lbr
F 1323774720 761006 C:\Program Files (x86)\EAGLE-6.3.0\lbr\con-amp-quick.lbr
F 1334318520 237285 C:\Program Files (x86)\EAGLE-6.3.0\lbr\con-amp-te.lbr
F 1323774720 3954349 C:\Program Files (x86)\EAGLE-6.3.0\lbr\con-amp.lbr
F 1334318520 110431 C:\Program Files (x86)\EAGLE-6.3.0\lbr\con-amphenol.lbr
F 1323774720 74019 C:\Program Files (x86)\EAGLE-6.3.0\lbr\con-avx.lbr
F 1323774720 31383 C:\Program Files (x86)\EAGLE-6.3.0\lbr\con-berg.lbr
F 1323774720 54875 C:\Program Files (x86)\EAGLE-6.3.0\lbr\con-bosch.lbr
F 1323774720 33599 C:\Program Files (x86)\EAGLE-6.3.0\lbr\con-chipcard-iso7816.lbr
F 1323774720 94701 C:\Program Files (x86)\EAGLE-6.3.0\lbr\con-coax.lbr
F 1323774720 272246 C:\Program Files (x86)\EAGLE-6.3.0\lbr\con-commcon.lbr
F 1334318520 47816 C:\Program Files (x86)\EAGLE-6.3.0\lbr\con-conrad.lbr
F 1323774720 1426084 C:\Program Files (x86)\EAGLE-6.3.0\lbr\con-cpci.lbr
F 1323774720 12280 C:\Program Files (x86)\EAGLE-6.3.0\lbr\con-cui.lbr
F 1323774720 241918 C:\Program Files (x86)\EAGLE-6.3.0\lbr\con-cypressindustries.lbr
F 1323774720 328910 C:\Program Files (x86)\EAGLE-6.3.0\lbr\con-deutsch.lbr
F 1323774720 281085 C:\Program Files (x86)\EAGLE-6.3.0\lbr\con-dil.lbr
F 1323774720 219649 C:\Program Files (x86)\EAGLE-6.3.0\lbr\con-ebyelectro.lbr
F 1323774720 8728 C:\Program Files (x86)\EAGLE-6.3.0\lbr\con-elco.lbr
F 1323774720 276259 C:\Program Files (x86)\EAGLE-6.3.0\lbr\con-erni.lbr
F 1323774720 18440 C:\Program Files (x86)\EAGLE-6.3.0\lbr\con-faston.lbr
F 1323774720 100548 C:\Program Files (x86)\EAGLE-6.3.0\lbr\con-fci.lbr
F 1323774720 8877 C:\Program Files (x86)\EAGLE-6.3.0\lbr\con-friwo.lbr
F 1326369660 198080 C:\Program Files (x86)\EAGLE-6.3.0\lbr\con-garry.lbr
F 1323774720 230820 C:\Program Files (x86)\EAGLE-6.3.0\lbr\con-harting-h.lbr
F 1323774720 510430 C:\Program Files (x86)\EAGLE-6.3.0\lbr\con-harting-ml.lbr
F 1323774720 294139 C:\Program Files (x86)\EAGLE-6.3.0\lbr\con-harting-v.lbr
F 1326369660 324037 C:\Program Files (x86)\EAGLE-6.3.0\lbr\con-harting.lbr
F 1323774720 793832 C:\Program Files (x86)\EAGLE-6.3.0\lbr\con-hirose.lbr
F 1323774720 219319 C:\Program Files (x86)\EAGLE-6.3.0\lbr\con-hirschmann.lbr
F 1323774720 24248 C:\Program Files (x86)\EAGLE-6.3.0\lbr\con-jack.lbr
F 1323774720 74329 C:\Program Files (x86)\EAGLE-6.3.0\lbr\con-jae.lbr
F 1323774720 109191 C:\Program Files (x86)\EAGLE-6.3.0\lbr\con-jst.lbr
F 1323774720 52048 C:\Program Files (x86)\EAGLE-6.3.0\lbr\con-kycon.lbr
F 1323774720 77138 C:\Program Files (x86)\EAGLE-6.3.0\lbr\con-kyocera-elco.lbr
F 1323774720 195113 C:\Program Files (x86)\EAGLE-6.3.0\lbr\con-lemo.lbr
F 1323774720 2906204 C:\Program Files (x86)\EAGLE-6.3.0\lbr\con-leotronics.lbr
F 1323774720 620424 C:\Program Files (x86)\EAGLE-6.3.0\lbr\con-lsta.lbr
F 1323774720 472091 C:\Program Files (x86)\EAGLE-6.3.0\lbr\con-lstb.lbr
F 1349697780 411977 C:\Program Files (x86)\EAGLE-6.3.0\lbr\con-lumberg.lbr
F 1323774720 457509 C:\Program Files (x86)\EAGLE-6.3.0\lbr\con-ml.lbr
F 1323774720 3662805 C:\Program Files (x86)\EAGLE-6.3.0\lbr\con-molex.lbr
F 1323774720 591878 C:\Program Files (x86)\EAGLE-6.3.0\lbr\con-neutrik_ag.lbr
F 1349697780 1072498 C:\Program Files (x86)\EAGLE-6.3.0\lbr\con-omron.lbr
F 1323774720 21833 C:\Program Files (x86)\EAGLE-6.3.0\lbr\con-panasonic.lbr
F 1323774720 146811 C:\Program Files (x86)\EAGLE-6.3.0\lbr\con-panduit.lbr
F 1323774720 738372 C:\Program Files (x86)\EAGLE-6.3.0\lbr\con-pc.lbr
F 1323774720 116098 C:\Program Files (x86)\EAGLE-6.3.0\lbr\con-pc104.lbr
F 1323774720 41262 C:\Program Files (x86)\EAGLE-6.3.0\lbr\con-phoenix-254.lbr
F 1323774720 216195 C:\Program Files (x86)\EAGLE-6.3.0\lbr\con-phoenix-3.81.lbr
F 1349697780 282808 C:\Program Files (x86)\EAGLE-6.3.0\lbr\con-phoenix-350.lbr
F 1323774720 86531 C:\Program Files (x86)\EAGLE-6.3.0\lbr\con-phoenix-500.lbr
F 1323774720 1082647 C:\Program Files (x86)\EAGLE-6.3.0\lbr\con-phoenix-508.lbr
F 1323774720 237412 C:\Program Files (x86)\EAGLE-6.3.0\lbr\con-phoenix-762.lbr
F 1323774720 15523 C:\Program Files (x86)\EAGLE-6.3.0\lbr\con-phoenix-me_max.lbr
F 1323774720 68878 C:\Program Files (x86)\EAGLE-6.3.0\lbr\con-phoenix-mkds_5.lbr
F 1323774720 493403 C:\Program Files (x86)\EAGLE-6.3.0\lbr\con-phoenix-smkdsp.lbr
F 1323774720 601877 C:\Program Files (x86)\EAGLE-6.3.0\lbr\con-ptr500.lbr
F 1323774720 191940 C:\Program Files (x86)\EAGLE-6.3.0\lbr\con-pulse.lbr
F 1323774720 339959 C:\Program Files (x86)\EAGLE-6.3.0\lbr\con-rib.lbr
F 1323774720 11924654 C:\Program Files (x86)\EAGLE-6.3.0\lbr\con-samtec.lbr
F 1323774720 8346 C:\Program Files (x86)\EAGLE-6.3.0\lbr\con-shallin.lbr
F 1323774720 10155 C:\Program Files (x86)\EAGLE-6.3.0\lbr\con-shiua-chyuan.lbr
F 1323774720 14281 C:\Program Files (x86)\EAGLE-6.3.0\lbr\con-stewart.lbr
F 1323774720 122149 C:\Program Files (x86)\EAGLE-6.3.0\lbr\con-stocko.lbr
F 1349697780 1441857 C:\Program Files (x86)\EAGLE-6.3.0\lbr\con-subd.lbr
F 1323774720 342585 C:\Program Files (x86)\EAGLE-6.3.0\lbr\con-sullinselectronics.lbr
F 1323774720 653333 C:\Program Files (x86)\EAGLE-6.3.0\lbr\con-thomas-betts.lbr
F 1326369660 234908 C:\Program Files (x86)\EAGLE-6.3.0\lbr\con-tyco.lbr
F 1323774720 81727 C:\Program Files (x86)\EAGLE-6.3.0\lbr\con-tycoelectronics.lbr
F 1323774720 2370165 C:\Program Files (x86)\EAGLE-6.3.0\lbr\con-vg.lbr
F 1323774720 68564 C:\Program Files (x86)\EAGLE-6.3.0\lbr\con-wago-500.lbr
F 1323774720 132224 C:\Program Files (x86)\EAGLE-6.3.0\lbr\con-wago-508.lbr
F 1323774720 3786285 C:\Program Files (x86)\EAGLE-6.3.0\lbr\con-wago.lbr
F 1323774720 2425198 C:\Program Files (x86)\EAGLE-6.3.0\lbr\con-wago255.lbr
F 1323774720 1182514 C:\Program Files (x86)\EAGLE-6.3.0\lbr\con-weidmueller-sl35.lbr
F 1323774720 14006 C:\Program Files (x86)\EAGLE-6.3.0\lbr\con-wenzhou-yihua.lbr
F 1323774720 31259 C:\Program Files (x86)\EAGLE-6.3.0\lbr\con-xmultiple.lbr
F 1323774720 283042 C:\Program Files (x86)\EAGLE-6.3.0\lbr\con-yamaichi.lbr
F 1323774720 276698 C:\Program Files (x86)\EAGLE-6.3.0\lbr\crystal.lbr
F 1323774720 35242 C:\Program Files (x86)\EAGLE-6.3.0\lbr\csr.lbr
F 1323774720 467181 C:\Program Files (x86)\EAGLE-6.3.0\lbr\cypress.lbr
F 1323774720 33115 C:\Program Files (x86)\EAGLE-6.3.0\lbr\davicom.lbr
F 1349697780 76464 C:\Program Files (x86)\EAGLE-6.3.0\lbr\dc-dc-converter.lbr
F 1166004980 1615 C:\Program Files (x86)\EAGLE-6.3.0\lbr\DESCRIPTION
F 1323774720 6958 C:\Program Files (x86)\EAGLE-6.3.0\lbr\dimensions.lbr
F 1323774720 546013 C:\Program Files (x86)\EAGLE-6.3.0\lbr\diode.lbr
F 1323774720 17371 C:\Program Files (x86)\EAGLE-6.3.0\lbr\discrete.lbr
F 1323774720 364784 C:\Program Files (x86)\EAGLE-6.3.0\lbr\display-hp.lbr
F 1323774720 155930 C:\Program Files (x86)\EAGLE-6.3.0\lbr\display-kingbright.lbr
F 1323774720 1011969 C:\Program Files (x86)\EAGLE-6.3.0\lbr\display-lcd.lbr
F 1323774720 25927 C:\Program Files (x86)\EAGLE-6.3.0\lbr\docu-dummy.lbr
F 1323774720 157703 C:\Program Files (x86)\EAGLE-6.3.0\lbr\ecl.lbr
F 1208775600 147 C:\Program Files (x86)\EAGLE-6.3.0\lbr\elektro\DESCRIPTION
F 1323774720 21761 C:\Program Files (x86)\EAGLE-6.3.0\lbr\elektro\e-elektro-zeichnungsrahmen.lbr
F 1323774720 31428 C:\Program Files (x86)\EAGLE-6.3.0\lbr\elektro\e-elektromechanische-antriebe.lbr
F 1323774720 67316 C:\Program Files (x86)\EAGLE-6.3.0\lbr\elektro\e-halbleiter.lbr
F 1323774720 915206 C:\Program Files (x86)\EAGLE-6.3.0\lbr\elektro\e-klemmen.lbr
F 1323774720 23446 C:\Program Files (x86)\EAGLE-6.3.0\lbr\elektro\e-kondensatoren.lbr
F 1323774720 18150 C:\Program Files (x86)\EAGLE-6.3.0\lbr\elektro\e-lampen-signalisation.lbr
F 1323774720 11512 C:\Program Files (x86)\EAGLE-6.3.0\lbr\elektro\e-messfuehler.lbr
F 1323774720 31968 C:\Program Files (x86)\EAGLE-6.3.0\lbr\elektro\e-messinstrumente.lbr
F 1323774720 16553 C:\Program Files (x86)\EAGLE-6.3.0\lbr\elektro\e-motoren.lbr
F 1323774720 70398 C:\Program Files (x86)\EAGLE-6.3.0\lbr\elektro\e-motorschutzschalter.lbr
F 1323774720 178246 C:\Program Files (x86)\EAGLE-6.3.0\lbr\elektro\e-schalter.lbr
F 1323774720 98119 C:\Program Files (x86)\EAGLE-6.3.0\lbr\elektro\e-schuetze-relais.lbr
F 1323774720 59955 C:\Program Files (x86)\EAGLE-6.3.0\lbr\elektro\e-sicherungen.lbr
F 1323774720 335152 C:\Program Files (x86)\EAGLE-6.3.0\lbr\elektro\e-sps.lbr
F 1323774720 33037 C:\Program Files (x86)\EAGLE-6.3.0\lbr\elektro\e-spulen-transformatoren.lbr
F 1323774720 22225 C:\Program Files (x86)\EAGLE-6.3.0\lbr\elektro\e-steckverbinder.lbr
F 1323774720 17106 C:\Program Files (x86)\EAGLE-6.3.0\lbr\elektro\e-stromversorgungselemente.lbr
F 1323774720 162428 C:\Program Files (x86)\EAGLE-6.3.0\lbr\elektro\e-symbole.lbr
F 1323774720 294643 C:\Program Files (x86)\EAGLE-6.3.0\lbr\elektro\eib-busch-jaeger.lbr
F 1349722684 747 C:\Program Files (x86)\EAGLE-6.3.0\lbr\element14\DESCRIPTION
F 1323774720 11483 C:\Program Files (x86)\EAGLE-6.3.0\lbr\em-microelectronic.lbr
F 1323774720 353167 C:\Program Files (x86)\EAGLE-6.3.0\lbr\etx-board.lbr
F 1323774720 622732 C:\Program Files (x86)\EAGLE-6.3.0\lbr\exar.lbr
F 1323774720 42833 C:\Program Files (x86)\EAGLE-6.3.0\lbr\fairchild-semic.lbr
F 1323774720 13654 C:\Program Files (x86)\EAGLE-6.3.0\lbr\farnell.lbr
F 1323774720 72913 C:\Program Files (x86)\EAGLE-6.3.0\lbr\fiber-optic-hp.lbr
F 1323774720 42907 C:\Program Files (x86)\EAGLE-6.3.0\lbr\fiber-optic-siemens.lbr
F 1323774720 120192 C:\Program Files (x86)\EAGLE-6.3.0\lbr\fifo.lbr
F 1323774720 78309 C:\Program Files (x86)\EAGLE-6.3.0\lbr\flexipanel.lbr
F 1323774720 10792 C:\Program Files (x86)\EAGLE-6.3.0\lbr\fox-electronics.lbr
F 1323774720 81313 C:\Program Files (x86)\EAGLE-6.3.0\lbr\frames.lbr
F 1323774720 370419 C:\Program Files (x86)\EAGLE-6.3.0\lbr\freescale.lbr
F 1349697780 62432 C:\Program Files (x86)\EAGLE-6.3.0\lbr\ftdichip.lbr
F 1323774720 9572 C:\Program Files (x86)\EAGLE-6.3.0\lbr\fujitsu.lbr
F 1323774720 120723 C:\Program Files (x86)\EAGLE-6.3.0\lbr\fuse.lbr
F 1323774720 76875 C:\Program Files (x86)\EAGLE-6.3.0\lbr\gennum.lbr
F 1323774720 26690 C:\Program Files (x86)\EAGLE-6.3.0\lbr\halo-electronics.lbr
F 1323774720 181311 C:\Program Files (x86)\EAGLE-6.3.0\lbr\heatsink.lbr
F 1334318520 49967 C:\Program Files (x86)\EAGLE-6.3.0\lbr\holes.lbr
F 1323774720 49576 C:\Program Files (x86)\EAGLE-6.3.0\lbr\holtek.lbr
F 1323774720 516924 C:\Program Files (x86)\EAGLE-6.3.0\lbr\ic-package.lbr
F 1323774720 8871 C:\Program Files (x86)\EAGLE-6.3.0\lbr\inductor-coilcraft.lbr
F 1323774720 454670 C:\Program Files (x86)\EAGLE-6.3.0\lbr\inductor-neosid.lbr
F 1323774720 199916 C:\Program Files (x86)\EAGLE-6.3.0\lbr\inductor-nkl.lbr
F 1323774720 330287 C:\Program Files (x86)\EAGLE-6.3.0\lbr\inductors.lbr
F 1323774720 357148 C:\Program Files (x86)\EAGLE-6.3.0\lbr\infineon-tricore.lbr
F 1323774720 155444 C:\Program Files (x86)\EAGLE-6.3.0\lbr\infineon.lbr
F 1349697780 36104 C:\Program Files (x86)\EAGLE-6.3.0\lbr\intersil-techwell.lbr
F 1323774720 17546 C:\Program Files (x86)\EAGLE-6.3.0\lbr\intersil.lbr
F 1323774720 74983 C:\Program Files (x86)\EAGLE-6.3.0\lbr\ir.lbr
F 1323774720 28927 C:\Program Files (x86)\EAGLE-6.3.0\lbr\isd.lbr
F 1323774720 8361 C:\Program Files (x86)\EAGLE-6.3.0\lbr\johanson-technology.lbr
F 1323774720 11187 C:\Program Files (x86)\EAGLE-6.3.0\lbr\jump-0r-smd.lbr
F 1323774720 176065 C:\Program Files (x86)\EAGLE-6.3.0\lbr\jumper.lbr
F 1323774720 19028 C:\Program Files (x86)\EAGLE-6.3.0\lbr\lantronix.lbr
F 1323774720 1131476 C:\Program Files (x86)\EAGLE-6.3.0\lbr\lattice.lbr
F 1323774720 19828 C:\Program Files (x86)\EAGLE-6.3.0\lbr\lc-filter.lbr
F 1323774720 36252 C:\Program Files (x86)\EAGLE-6.3.0\lbr\led-7-segment.lbr
F 1323774720 14012 C:\Program Files (x86)\EAGLE-6.3.0\lbr\led-citizen-electronics.lbr
F 1323774720 32438 C:\Program Files (x86)\EAGLE-6.3.0\lbr\led-lumiled.lbr
F 1334318520 548473 C:\Program Files (x86)\EAGLE-6.3.0\lbr\led.lbr
F 1349697780 19946 C:\Program Files (x86)\EAGLE-6.3.0\lbr\lem.lbr
F 1334318520 265895 C:\Program Files (x86)\EAGLE-6.3.0\lbr\linear-technology.lbr
F 1323774720 997240 C:\Program Files (x86)\EAGLE-6.3.0\lbr\linear.lbr
F 1323774720 30007 C:\Program Files (x86)\EAGLE-6.3.0\lbr\linx.lbr
F 1323774720 729628 C:\Program Files (x86)\EAGLE-6.3.0\lbr\logo.lbr
F 1323774720 14322 C:\Program Files (x86)\EAGLE-6.3.0\lbr\lprs.lbr
F 1323774720 80957 C:\Program Files (x86)\EAGLE-6.3.0\lbr\lsi-computer-systems.lbr
F 1323774720 27808 C:\Program Files (x86)\EAGLE-6.3.0\lbr\lumiled.lbr
F 1323774720 42697 C:\Program Files (x86)\EAGLE-6.3.0\lbr\marks.lbr
F 1334318520 1704664 C:\Program Files (x86)\EAGLE-6.3.0\lbr\maxim.lbr
F 1323774720 52191 C:\Program Files (x86)\EAGLE-6.3.0\lbr\maxstream.lbr
F 1323774720 9730 C:\Program Files (x86)\EAGLE-6.3.0\lbr\melexis.lbr
F 1323774720 233033 C:\Program Files (x86)\EAGLE-6.3.0\lbr\memory-hitachi.lbr
F 1323774720 1664677 C:\Program Files (x86)\EAGLE-6.3.0\lbr\memory-idt.lbr
F 1323774720 145134 C:\Program Files (x86)\EAGLE-6.3.0\lbr\memory-micron.lbr
F 1323774720 75646 C:\Program Files (x86)\EAGLE-6.3.0\lbr\memory-motorola-dram.lbr
F 1323774720 138110 C:\Program Files (x86)\EAGLE-6.3.0\lbr\memory-nec.lbr
F 1323774720 67939 C:\Program Files (x86)\EAGLE-6.3.0\lbr\memory-samsung.lbr
F 1323774720 287874 C:\Program Files (x86)\EAGLE-6.3.0\lbr\memory-sram.lbr
F 1323774720 408084 C:\Program Files (x86)\EAGLE-6.3.0\lbr\memory.lbr
F 1323774720 10368 C:\Program Files (x86)\EAGLE-6.3.0\lbr\mems.lbr
F 1323774720 32389 C:\Program Files (x86)\EAGLE-6.3.0\lbr\micrel.lbr
F 1323774720 58343 C:\Program Files (x86)\EAGLE-6.3.0\lbr\micro-cyrod.lbr
F 1323774720 486451 C:\Program Files (x86)\EAGLE-6.3.0\lbr\micro-fujitsu.lbr
F 1323774720 224564 C:\Program Files (x86)\EAGLE-6.3.0\lbr\micro-harris.lbr
F 1323774720 162626 C:\Program Files (x86)\EAGLE-6.3.0\lbr\micro-hitachi.lbr
F 1323774720 49706 C:\Program Files (x86)\EAGLE-6.3.0\lbr\micro-infineon.lbr
F 1323774720 1711640 C:\Program Files (x86)\EAGLE-6.3.0\lbr\micro-intel.lbr
F 1323774720 389625 C:\Program Files (x86)\EAGLE-6.3.0\lbr\micro-mc68000.lbr
F 1323774720 820156 C:\Program Files (x86)\EAGLE-6.3.0\lbr\micro-motorola.lbr
F 1334318520 793137 C:\Program Files (x86)\EAGLE-6.3.0\lbr\micro-philips.lbr
F 1323774720 31818 C:\Program Files (x86)\EAGLE-6.3.0\lbr\micro-renesas.lbr
F 1323774720 23203 C:\Program Files (x86)\EAGLE-6.3.0\lbr\micro-samsung.lbr
F 1323774720 1816349 C:\Program Files (x86)\EAGLE-6.3.0\lbr\micro-siemens.lbr
F 1326369660 1525295 C:\Program Files (x86)\EAGLE-6.3.0\lbr\microchip.lbr
F 1323774720 32039 C:\Program Files (x86)\EAGLE-6.3.0\lbr\micron.lbr
F 1323774720 121576 C:\Program Files (x86)\EAGLE-6.3.0\lbr\micronas.lbr
F 1323774720 25801 C:\Program Files (x86)\EAGLE-6.3.0\lbr\microphon.lbr
F 1349697780 35731 C:\Program Files (x86)\EAGLE-6.3.0\lbr\microwave.lbr
F 1323774720 10429 C:\Program Files (x86)\EAGLE-6.3.0\lbr\midori-sensor.lbr
F 1323774720 39449 C:\Program Files (x86)\EAGLE-6.3.0\lbr\minicircuits.lbr
F 1323774720 19819 C:\Program Files (x86)\EAGLE-6.3.0\lbr\mitsubishi-semiconductor.lbr
F 1323774720 85990 C:\Program Files (x86)\EAGLE-6.3.0\lbr\motorola-sensor-driver.lbr
F 1323774720 20111 C:\Program Files (x86)\EAGLE-6.3.0\lbr\murata-filter.lbr
F 1323774720 11965 C:\Program Files (x86)\EAGLE-6.3.0\lbr\murata-sensor.lbr
F 1323774720 12626 C:\Program Files (x86)\EAGLE-6.3.0\lbr\nanotec.lbr
F 1323774720 33300 C:\Program Files (x86)\EAGLE-6.3.0\lbr\national-instruments.lbr
F 1323774720 139837 C:\Program Files (x86)\EAGLE-6.3.0\lbr\national-semiconductor.lbr
F 1323774720 19055 C:\Program Files (x86)\EAGLE-6.3.0\lbr\nec-lqfp100-pack.lbr
F 1323774720 9148 C:\Program Files (x86)\EAGLE-6.3.0\lbr\nec.lbr
F 1323774720 25849 C:\Program Files (x86)\EAGLE-6.3.0\lbr\nrj-semiconductor.lbr
F 1323774720 9839 C:\Program Files (x86)\EAGLE-6.3.0\lbr\omnivision.lbr
F 1323774720 70731 C:\Program Files (x86)\EAGLE-6.3.0\lbr\on-semiconductor.lbr
F 1323774720 254505 C:\Program Files (x86)\EAGLE-6.3.0\lbr\opto-honeywell-3000.lbr
F 1323774720 233924 C:\Program Files (x86)\EAGLE-6.3.0\lbr\opto-honeywell-4000.lbr
F 1323774720 361973 C:\Program Files (x86)\EAGLE-6.3.0\lbr\opto-honeywell.lbr
F 1323774720 27695 C:\Program Files (x86)\EAGLE-6.3.0\lbr\opto-micro-linear.lbr
F 1323774720 57195 C:\Program Files (x86)\EAGLE-6.3.0\lbr\opto-trans-siemens.lbr
F 1323774720 40224 C:\Program Files (x86)\EAGLE-6.3.0\lbr\opto-transmittter-hp.lbr
F 1323774720 26579 C:\Program Files (x86)\EAGLE-6.3.0\lbr\opto-vishay.lbr
F 1334318520 367596 C:\Program Files (x86)\EAGLE-6.3.0\lbr\optocoupler.lbr
F 1323774720 169296 C:\Program Files (x86)\EAGLE-6.3.0\lbr\pal.lbr
F 1349697780 26827 C:\Program Files (x86)\EAGLE-6.3.0\lbr\philips-semiconductors.lbr
F 1323774720 59914 C:\Program Files (x86)\EAGLE-6.3.0\lbr\photo-elements.lbr
F 1323774720 75952 C:\Program Files (x86)\EAGLE-6.3.0\lbr\piher.lbr
F 1323774720 1113122 C:\Program Files (x86)\EAGLE-6.3.0\lbr\pinhead.lbr
F 1326369660 439871 C:\Program Files (x86)\EAGLE-6.3.0\lbr\plcc-socket.lbr
F 1323774720 218812 C:\Program Files (x86)\EAGLE-6.3.0\lbr\pld-intel.lbr
F 1323774720 240400 C:\Program Files (x86)\EAGLE-6.3.0\lbr\plxtech.lbr
F 1323774720 9634 C:\Program Files (x86)\EAGLE-6.3.0\lbr\pot-vitrohm.lbr
F 1323774720 12453 C:\Program Files (x86)\EAGLE-6.3.0\lbr\pot-xicor.lbr
F 1323774720 194885 C:\Program Files (x86)\EAGLE-6.3.0\lbr\pot.lbr
F 1323774720 37601 C:\Program Files (x86)\EAGLE-6.3.0\lbr\ptc-ntc.lbr
F 1323774720 209054 C:\Program Files (x86)\EAGLE-6.3.0\lbr\quantum-research-group.lbr
F 1323774720 1000574 C:\Program Files (x86)\EAGLE-6.3.0\lbr\rcl.lbr
F 1323774720 29313 C:\Program Files (x86)\EAGLE-6.3.0\lbr\recom-international.lbr
F 1323774720 134253 C:\Program Files (x86)\EAGLE-6.3.0\lbr\rectifier.lbr
F 1323774720 9869190 C:\Program Files (x86)\EAGLE-6.3.0\lbr\ref-packages-longpad.lbr
F 1323774720 9931844 C:\Program Files (x86)\EAGLE-6.3.0\lbr\ref-packages.lbr
F 1349697780 1754980 C:\Program Files (x86)\EAGLE-6.3.0\lbr\relay.lbr
F 1323774720 74972 C:\Program Files (x86)\EAGLE-6.3.0\lbr\renesas.lbr
F 1323774720 117545 C:\Program Files (x86)\EAGLE-6.3.0\lbr\resistor-bourns.lbr
F 1323774720 147846 C:\Program Files (x86)\EAGLE-6.3.0\lbr\resistor-dil.lbr
F 1323774720 117029 C:\Program Files (x86)\EAGLE-6.3.0\lbr\resistor-net.lbr
F 1323774720 167029 C:\Program Files (x86)\EAGLE-6.3.0\lbr\resistor-power.lbr
F 1323774720 14637 C:\Program Files (x86)\EAGLE-6.3.0\lbr\resistor-ruf.lbr
F 1323774720 60519 C:\Program Files (x86)\EAGLE-6.3.0\lbr\resistor-shunt.lbr
F 1323774720 258919 C:\Program Files (x86)\EAGLE-6.3.0\lbr\resistor-sil.lbr
F 1323774720 872568 C:\Program Files (x86)\EAGLE-6.3.0\lbr\resistor.lbr
F 1323774720 53394 C:\Program Files (x86)\EAGLE-6.3.0\lbr\rf-micro-devices.lbr
F 1323774720 23307 C:\Program Files (x86)\EAGLE-6.3.0\lbr\rf-solutions.lbr
F 1323774720 47965 C:\Program Files (x86)\EAGLE-6.3.0\lbr\rohm.lbr
F 1323774720 39128 C:\Program Files (x86)\EAGLE-6.3.0\lbr\semicon-smd-ipc.lbr
F 1323774720 10156 C:\Program Files (x86)\EAGLE-6.3.0\lbr\sensor-comus-group.lbr
F 1323774720 11010 C:\Program Files (x86)\EAGLE-6.3.0\lbr\sensor-heraeus.lbr
F 1323774720 8237 C:\Program Files (x86)\EAGLE-6.3.0\lbr\sensor-infratec.lbr
F 1323774720 70766 C:\Program Files (x86)\EAGLE-6.3.0\lbr\sharp.lbr
F 1323774720 59164 C:\Program Files (x86)\EAGLE-6.3.0\lbr\silabs.lbr
F 1323774720 21362 C:\Program Files (x86)\EAGLE-6.3.0\lbr\sim-technology.lbr
F 1323774720 24910 C:\Program Files (x86)\EAGLE-6.3.0\lbr\sipex.lbr
F 1323774720 4630368 C:\Program Files (x86)\EAGLE-6.3.0\lbr\smd-ipc.lbr
F 1323774720 571324 C:\Program Files (x86)\EAGLE-6.3.0\lbr\smd-special.lbr
F 1323774720 60134 C:\Program Files (x86)\EAGLE-6.3.0\lbr\solomon-systech.lbr
F 1323774720 18714 C:\Program Files (x86)\EAGLE-6.3.0\lbr\solpad.lbr
F 1323774720 10668 C:\Program Files (x86)\EAGLE-6.3.0\lbr\special-drill.lbr
F 1323774720 466483 C:\Program Files (x86)\EAGLE-6.3.0\lbr\special.lbr
F 1349697780 596228 C:\Program Files (x86)\EAGLE-6.3.0\lbr\st-microelectronics.lbr
F 1323774720 13259 C:\Program Files (x86)\EAGLE-6.3.0\lbr\supertex.lbr
F 1323774720 26125 C:\Program Files (x86)\EAGLE-6.3.0\lbr\supply1.lbr
F 1323774720 36556 C:\Program Files (x86)\EAGLE-6.3.0\lbr\supply2.lbr
F 1349697780 10150 C:\Program Files (x86)\EAGLE-6.3.0\lbr\switch-alps.lbr
F 1323774720 9666 C:\Program Files (x86)\EAGLE-6.3.0\lbr\switch-coto.lbr
F 1323774720 765218 C:\Program Files (x86)\EAGLE-6.3.0\lbr\switch-dil.lbr
F 1323774720 168536 C:\Program Files (x86)\EAGLE-6.3.0\lbr\switch-misc.lbr
F 1323774720 101202 C:\Program Files (x86)\EAGLE-6.3.0\lbr\switch-omron.lbr
F 1323774720 8895 C:\Program Files (x86)\EAGLE-6.3.0\lbr\switch-raychem.lbr
F 1323774720 25045 C:\Program Files (x86)\EAGLE-6.3.0\lbr\switch-reed.lbr
F 1349697780 587806 C:\Program Files (x86)\EAGLE-6.3.0\lbr\switch.lbr
F 1323774720 7968 C:\Program Files (x86)\EAGLE-6.3.0\lbr\telcom.lbr
F 1323774720 17248 C:\Program Files (x86)\EAGLE-6.3.0\lbr\telecontrolli.lbr
F 1323774720 29148 C:\Program Files (x86)\EAGLE-6.3.0\lbr\telefunken.lbr
F 1323774720 68857 C:\Program Files (x86)\EAGLE-6.3.0\lbr\testpad.lbr
F 1349697780 25177 C:\Program Files (x86)\EAGLE-6.3.0\lbr\texas-sn55-sn75.lbr
F 1349697780 2827476 C:\Program Files (x86)\EAGLE-6.3.0\lbr\texas.lbr
F 1323774720 37490 C:\Program Files (x86)\EAGLE-6.3.0\lbr\toshiba.lbr
F 1323774720 54972 C:\Program Files (x86)\EAGLE-6.3.0\lbr\traco-electronic.lbr
F 1323774720 17008 C:\Program Files (x86)\EAGLE-6.3.0\lbr\trafo-bei.lbr
F 1349697780 114886 C:\Program Files (x86)\EAGLE-6.3.0\lbr\trafo-hammondmfg.lbr
F 1323774720 414560 C:\Program Files (x86)\EAGLE-6.3.0\lbr\trafo-siemens.lbr
F 1323774720 31885 C:\Program Files (x86)\EAGLE-6.3.0\lbr\trafo-xicon.lbr
F 1323774720 603685 C:\Program Files (x86)\EAGLE-6.3.0\lbr\trafo.lbr
F 1334318520 8009 C:\Program Files (x86)\EAGLE-6.3.0\lbr\transformer-pulse.lbr
F 1323774720 172646 C:\Program Files (x86)\EAGLE-6.3.0\lbr\transistor-fet.lbr
F 1323774720 240024 C:\Program Files (x86)\EAGLE-6.3.0\lbr\transistor-neu-to92.lbr
F 1323774720 184744 C:\Program Files (x86)\EAGLE-6.3.0\lbr\transistor-npn.lbr
F 1323774720 141417 C:\Program Files (x86)\EAGLE-6.3.0\lbr\transistor-pnp.lbr
F 1349697780 276225 C:\Program Files (x86)\EAGLE-6.3.0\lbr\transistor-power.lbr
F 1323774720 217841 C:\Program Files (x86)\EAGLE-6.3.0\lbr\transistor-small-signal.lbr
F 1326369660 233910 C:\Program Files (x86)\EAGLE-6.3.0\lbr\transistor.lbr
F 1323774720 94666 C:\Program Files (x86)\EAGLE-6.3.0\lbr\triac.lbr
F 1323774720 109341 C:\Program Files (x86)\EAGLE-6.3.0\lbr\trimble.lbr
F 1323774720 14784 C:\Program Files (x86)\EAGLE-6.3.0\lbr\tripas.lbr
F 1323774720 28425 C:\Program Files (x86)\EAGLE-6.3.0\lbr\u-blox.lbr
F 1323774720 72921 C:\Program Files (x86)\EAGLE-6.3.0\lbr\uln-udn.lbr
F 1323774720 14568 C:\Program Files (x86)\EAGLE-6.3.0\lbr\v-reg-micrel.lbr
F 1323774720 149496 C:\Program Files (x86)\EAGLE-6.3.0\lbr\v-reg.lbr
F 1323774720 219496 C:\Program Files (x86)\EAGLE-6.3.0\lbr\varistor.lbr
F 1323774720 394850 C:\Program Files (x86)\EAGLE-6.3.0\lbr\wafer-scale-psd.lbr
F 1323774720 29857 C:\Program Files (x86)\EAGLE-6.3.0\lbr\wirepad.lbr
F 1323774720 12006 C:\Program Files (x86)\EAGLE-6.3.0\lbr\xicor.lbr
F 1323774720 727148 C:\Program Files (x86)\EAGLE-6.3.0\lbr\xilinx-virtex-v5.lbr
F 1323774720 71769 C:\Program Files (x86)\EAGLE-6.3.0\lbr\xilinx-xc18v.lbr
F 1323774720 31442 C:\Program Files (x86)\EAGLE-6.3.0\lbr\xilinx-xc9.lbr
F 1323774720 8434263 C:\Program Files (x86)\EAGLE-6.3.0\lbr\xilinx-xcv.lbr
F 1323774720 187114 C:\Program Files (x86)\EAGLE-6.3.0\lbr\zetex.lbr
F 1323774720 49917 C:\Program Files (x86)\EAGLE-6.3.0\lbr\zilog.lbr
F 1166004980 683 C:\Program Files (x86)\EAGLE-6.3.0\projects\DESCRIPTION
F 1349697780 288145 C:\Program Files (x86)\EAGLE-6.3.0\projects\examples\arduino\Arduino_MEGA2560_ref.brd
F 1349697780 1378533 C:\Program Files (x86)\EAGLE-6.3.0\projects\examples\arduino\Arduino_MEGA2560_ref.sch
F 1323774720 683 C:\Program Files (x86)\EAGLE-6.3.0\projects\examples\arduino\DESCRIPTION
F 1323774720 559 C:\Program Files (x86)\EAGLE-6.3.0\projects\examples\arduino\eagle.epf
F 1166004980 270 C:\Program Files (x86)\EAGLE-6.3.0\projects\examples\DESCRIPTION
F 1208775600 161 C:\Program Files (x86)\EAGLE-6.3.0\projects\examples\elektro\DESCRIPTION
F 1323774720 106511 C:\Program Files (x86)\EAGLE-6.3.0\projects\examples\elektro\stern-dreieck-anlauf.sch
F 1166004980 273 C:\Program Files (x86)\EAGLE-6.3.0\projects\examples\hexapod\DESCRIPTION
F 1323774720 484 C:\Program Files (x86)\EAGLE-6.3.0\projects\examples\hexapod\eagle.epf
F 1334318520 225845 C:\Program Files (x86)\EAGLE-6.3.0\projects\examples\hexapod\hexapod.brd
F 1334318520 217349 C:\Program Files (x86)\EAGLE-6.3.0\projects\examples\hexapod\hexapod.sch
F 1166004980 362 C:\Program Files (x86)\EAGLE-6.3.0\projects\examples\singlesided\DESCRIPTION
F 1334318520 538 C:\Program Files (x86)\EAGLE-6.3.0\projects\examples\singlesided\eagle.epf
F 1334318520 49065 C:\Program Files (x86)\EAGLE-6.3.0\projects\examples\singlesided\singlesided.brd
F 1334318520 334966 C:\Program Files (x86)\EAGLE-6.3.0\projects\examples\singlesided\singlesided.sch
F 1059732660 2561 C:\Program Files (x86)\EAGLE-6.3.0\projects\examples\singlesided\singlesided_h.ctl
F 1059732660 2561 C:\Program Files (x86)\EAGLE-6.3.0\projects\examples\singlesided\singlesided_v.ctl
F 1334318520 87785 C:\Program Files (x86)\EAGLE-6.3.0\projects\examples\tutorial\bus.sch
F 1334318520 620328 C:\Program Files (x86)\EAGLE-6.3.0\projects\examples\tutorial\demo1.sch
F 1334318520 55082 C:\Program Files (x86)\EAGLE-6.3.0\projects\examples\tutorial\demo2.brd
F 1334318520 620328 C:\Program Files (x86)\EAGLE-6.3.0\projects\examples\tutorial\demo2.sch
F 1334318520 58608 C:\Program Files (x86)\EAGLE-6.3.0\projects\examples\tutorial\demo3.brd
F 1334318520 620329 C:\Program Files (x86)\EAGLE-6.3.0\projects\examples\tutorial\demo3.sch
F 1166004980 365 C:\Program Files (x86)\EAGLE-6.3.0\projects\examples\tutorial\DESCRIPTION
F 1323774720 113428 C:\Program Files (x86)\EAGLE-6.3.0\projects\examples\tutorial\hexapodu.brd
F 1059732660 2431 C:\Program Files (x86)\EAGLE-6.3.0\projects\examples\tutorial\hexapodu.ctl
F 1208775600 1417 C:\Program Files (x86)\EAGLE-6.3.0\scr\defaultcolors.scr
F 1208775600 400 C:\Program Files (x86)\EAGLE-6.3.0\scr\delete-signals.scr
F 1166004980 816 C:\Program Files (x86)\EAGLE-6.3.0\scr\DESCRIPTION
F 1323774720 1585 C:\Program Files (x86)\EAGLE-6.3.0\scr\eagle.scr
F 1134382560 2276 C:\Program Files (x86)\EAGLE-6.3.0\scr\eagleassign.scr
F 1208775600 510 C:\Program Files (x86)\EAGLE-6.3.0\scr\elektro-init.scr
F 977479200 495 C:\Program Files (x86)\EAGLE-6.3.0\scr\euro.scr
F 977479200 222 C:\Program Files (x86)\EAGLE-6.3.0\scr\fill.scr
F 977479200 1168 C:\Program Files (x86)\EAGLE-6.3.0\scr\menu.scr
F 1080123080 3074 C:\Program Files (x86)\EAGLE-6.3.0\scr\mylayers.scr
F 989834580 284 C:\Program Files (x86)\EAGLE-6.3.0\scr\nofill.scr
F 1349722684 17770 C:\Program Files (x86)\EAGLE-6.3.0\ulp\bom.ulp
F 1017310150 15414 C:\Program Files (x86)\EAGLE-6.3.0\ulp\cam2dxf.ulp
F 1112091240 17439 C:\Program Files (x86)\EAGLE-6.3.0\ulp\cam2image.ulp
F 1017310150 718 C:\Program Files (x86)\EAGLE-6.3.0\ulp\cam2print-box-grey-optimize.bmp
F 1017310150 718 C:\Program Files (x86)\EAGLE-6.3.0\ulp\cam2print-box-grey-poscoord.bmp
F 1017310150 718 C:\Program Files (x86)\EAGLE-6.3.0\ulp\cam2print-box-grey-quickplot.bmp
F 1323774720 27003 C:\Program Files (x86)\EAGLE-6.3.0\ulp\cam2print.ulp
F 1334318520 1940 C:\Program Files (x86)\EAGLE-6.3.0\ulp\centroid-screamingcircuits-smd.ulp
F 1059732660 5214 C:\Program Files (x86)\EAGLE-6.3.0\ulp\change-pad-in-lbr-1.bmp
F 1059732660 5266 C:\Program Files (x86)\EAGLE-6.3.0\ulp\change-pad-in-lbr-x.bmp
F 1112091240 16032 C:\Program Files (x86)\EAGLE-6.3.0\ulp\change-pad-in-lbr.ulp
F 1292238660 3719 C:\Program Files (x86)\EAGLE-6.3.0\ulp\change-prefix-sch.ulp
F 1292238660 4523 C:\Program Files (x86)\EAGLE-6.3.0\ulp\change-via-by-stack.ulp
F 1323774720 2465 C:\Program Files (x86)\EAGLE-6.3.0\ulp\check-used-lbrs.ulp
F 1208775600 2881 C:\Program Files (x86)\EAGLE-6.3.0\ulp\clear-layer-in-lbr.ulp
F 1275909000 7772 C:\Program Files (x86)\EAGLE-6.3.0\ulp\cmd-change-brd-width.ulp
F 1017310150 3180 C:\Program Files (x86)\EAGLE-6.3.0\ulp\cmd-change-class.ulp
F 1208775600 10473 C:\Program Files (x86)\EAGLE-6.3.0\ulp\cmd-change-swap-layer.ulp
F 1219057320 1632 C:\Program Files (x86)\EAGLE-6.3.0\ulp\cmd-change-value-group.ulp
F 1166004980 7862 C:\Program Files (x86)\EAGLE-6.3.0\ulp\cmd-draw-group.bmp
F 1166004980 7862 C:\Program Files (x86)\EAGLE-6.3.0\ulp\cmd-draw-hole-ellipse-calcstep.bmp
F 1166004980 7862 C:\Program Files (x86)\EAGLE-6.3.0\ulp\cmd-draw-hole-ellipse-degstep.bmp
F 1166004980 7862 C:\Program Files (x86)\EAGLE-6.3.0\ulp\cmd-draw-hole-ellipse4-calcstep.bmp
F 1166004980 7862 C:\Program Files (x86)\EAGLE-6.3.0\ulp\cmd-draw-hole-ellipse4-degstep.bmp
F 1166004980 7862 C:\Program Files (x86)\EAGLE-6.3.0\ulp\cmd-draw-hole-none-calcstep.bmp
F 1166004980 7862 C:\Program Files (x86)\EAGLE-6.3.0\ulp\cmd-draw-hole-none-degstep.bmp
F 1166004980 7862 C:\Program Files (x86)\EAGLE-6.3.0\ulp\cmd-draw-hole-none.bmp
F 1166004980 7862 C:\Program Files (x86)\EAGLE-6.3.0\ulp\cmd-draw-move-circle-match-calcstep.bmp
F 1166004980 7862 C:\Program Files (x86)\EAGLE-6.3.0\ulp\cmd-draw-move-circle-match-degstep.bmp
F 1166004980 7862 C:\Program Files (x86)\EAGLE-6.3.0\ulp\cmd-draw-move-circle-no_match-calcstep.bmp
F 1166004980 7862 C:\Program Files (x86)\EAGLE-6.3.0\ulp\cmd-draw-move-circle-no_match-degstep.bmp
F 1166004980 7862 C:\Program Files (x86)\EAGLE-6.3.0\ulp\cmd-draw-move-ellipse-match-calcstep.bmp
F 1166004980 7862 C:\Program Files (x86)\EAGLE-6.3.0\ulp\cmd-draw-move-ellipse-match-degstep.bmp
F 1166004980 7862 C:\Program Files (x86)\EAGLE-6.3.0\ulp\cmd-draw-move-ellipse-no_match-calcstep.bmp
F 1166004980 7862 C:\Program Files (x86)\EAGLE-6.3.0\ulp\cmd-draw-move-ellipse-no_match-degstep.bmp
F 1166004980 7862 C:\Program Files (x86)\EAGLE-6.3.0\ulp\cmd-draw-move-ellipse4-match-calcstep.bmp
F 1166004980 7862 C:\Program Files (x86)\EAGLE-6.3.0\ulp\cmd-draw-move-ellipse4-match-degstep.bmp
F 1166004980 7862 C:\Program Files (x86)\EAGLE-6.3.0\ulp\cmd-draw-move-ellipse4-no_match-calcstep.bmp
F 1166004980 7862 C:\Program Files (x86)\EAGLE-6.3.0\ulp\cmd-draw-move-ellipse4-no_match-degstep.bmp
F 1166004980 7862 C:\Program Files (x86)\EAGLE-6.3.0\ulp\cmd-draw-move-match-ellipse-none.bmp
F 1166004980 7862 C:\Program Files (x86)\EAGLE-6.3.0\ulp\cmd-draw-move-match-none.bmp
F 1166004980 7862 C:\Program Files (x86)\EAGLE-6.3.0\ulp\cmd-draw-move-no_match-ellipse-none.bmp
F 1166004980 7862 C:\Program Files (x86)\EAGLE-6.3.0\ulp\cmd-draw-move-no_match-none.bmp
F 1166004980 7862 C:\Program Files (x86)\EAGLE-6.3.0\ulp\cmd-draw-pad-ellipse-calcstep.bmp
F 1166004980 7862 C:\Program Files (x86)\EAGLE-6.3.0\ulp\cmd-draw-pad-ellipse-degstep.bmp
F 1166004980 7862 C:\Program Files (x86)\EAGLE-6.3.0\ulp\cmd-draw-pad-ellipse4-calcstep.bmp
F 1166004980 7862 C:\Program Files (x86)\EAGLE-6.3.0\ulp\cmd-draw-pad-ellipse4-degstep.bmp
F 1166004980 7862 C:\Program Files (x86)\EAGLE-6.3.0\ulp\cmd-draw-pad-none-calcstep.bmp
F 1166004980 7862 C:\Program Files (x86)\EAGLE-6.3.0\ulp\cmd-draw-pad-none-degstep.bmp
F 1166004980 7862 C:\Program Files (x86)\EAGLE-6.3.0\ulp\cmd-draw-pad-none.bmp
F 1166004980 7862 C:\Program Files (x86)\EAGLE-6.3.0\ulp\cmd-draw-polygon-circle-calcstep.bmp
F 1166004980 7862 C:\Program Files (x86)\EAGLE-6.3.0\ulp\cmd-draw-polygon-circle-degstep.bmp
F 1323774720 2698 C:\Program Files (x86)\EAGLE-6.3.0\ulp\cmd-draw-polygon-contours-as-wire.ulp
F 1166004980 7862 C:\Program Files (x86)\EAGLE-6.3.0\ulp\cmd-draw-polygon-ellipse-calcdeg.bmp
F 1166004980 7862 C:\Program Files (x86)\EAGLE-6.3.0\ulp\cmd-draw-polygon-ellipse-calcstep.bmp
F 1166004980 7862 C:\Program Files (x86)\EAGLE-6.3.0\ulp\cmd-draw-polygon-ellipse-degstep.bmp
F 1166004980 7862 C:\Program Files (x86)\EAGLE-6.3.0\ulp\cmd-draw-polygon-ellipse-none.bmp
F 1166004980 7862 C:\Program Files (x86)\EAGLE-6.3.0\ulp\cmd-draw-polygon-ellipse4-calcstep.bmp
F 1166004980 7862 C:\Program Files (x86)\EAGLE-6.3.0\ulp\cmd-draw-polygon-ellipse4-degstep.bmp
F 1166004980 7862 C:\Program Files (x86)\EAGLE-6.3.0\ulp\cmd-draw-polygon-ellipse4-none.bmp
F 1166004980 7862 C:\Program Files (x86)\EAGLE-6.3.0\ulp\cmd-draw-polygon-none-calcstep.bmp
F 1166004980 7862 C:\Program Files (x86)\EAGLE-6.3.0\ulp\cmd-draw-polygon-none.bmp
F 1166004980 7862 C:\Program Files (x86)\EAGLE-6.3.0\ulp\cmd-draw-smd-circle-match-calcstep.bmp
F 1166004980 7862 C:\Program Files (x86)\EAGLE-6.3.0\ulp\cmd-draw-smd-circle-match-degstep.bmp
F 1166004980 7862 C:\Program Files (x86)\EAGLE-6.3.0\ulp\cmd-draw-smd-circle-no_match-calcstep.bmp
F 1166004980 7862 C:\Program Files (x86)\EAGLE-6.3.0\ulp\cmd-draw-smd-cricle-no_match-degstep.bmp
F 1166004980 7862 C:\Program Files (x86)\EAGLE-6.3.0\ulp\cmd-draw-smd-ellipse-match-calcstep.bmp
F 1166004980 7862 C:\Program Files (x86)\EAGLE-6.3.0\ulp\cmd-draw-smd-ellipse-match-degstap.bmp
F 1166004980 7862 C:\Program Files (x86)\EAGLE-6.3.0\ulp\cmd-draw-smd-ellipse-no_match-calcstep.bmp
F 1166004980 7862 C:\Program Files (x86)\EAGLE-6.3.0\ulp\cmd-draw-smd-ellipse-no_match-degstep.bmp
F 1166004980 7862 C:\Program Files (x86)\EAGLE-6.3.0\ulp\cmd-draw-smd-ellipse4-match-calcstep.bmp
F 1166004980 7862 C:\Program Files (x86)\EAGLE-6.3.0\ulp\cmd-draw-smd-ellipse4-match-degstep.bmp
F 1166004980 7862 C:\Program Files (x86)\EAGLE-6.3.0\ulp\cmd-draw-smd-ellipse4-no_match-calcstep.bmp
F 1166004980 7862 C:\Program Files (x86)\EAGLE-6.3.0\ulp\cmd-draw-smd-ellipse4-no_match-degstep.bmp
F 1166004980 7862 C:\Program Files (x86)\EAGLE-6.3.0\ulp\cmd-draw-smd-match-degstep.bmp
F 1166004980 7862 C:\Program Files (x86)\EAGLE-6.3.0\ulp\cmd-draw-smd-match-none.bmp
F 1166004980 7862 C:\Program Files (x86)\EAGLE-6.3.0\ulp\cmd-draw-smd-no_match-degsetp.bmp
F 1166004980 7862 C:\Program Files (x86)\EAGLE-6.3.0\ulp\cmd-draw-smd-no_match-none.bmp
F 1166004980 7862 C:\Program Files (x86)\EAGLE-6.3.0\ulp\cmd-draw-wire-calc-ellipse.bmp
F 1166004980 7862 C:\Program Files (x86)\EAGLE-6.3.0\ulp\cmd-draw-wire-calcstep-none.bmp
F 1166004980 7862 C:\Program Files (x86)\EAGLE-6.3.0\ulp\cmd-draw-wire-circle-calcstep.bmp
F 1166004980 7862 C:\Program Files (x86)\EAGLE-6.3.0\ulp\cmd-draw-wire-circle-degstep.bmp
F 1166004980 7862 C:\Program Files (x86)\EAGLE-6.3.0\ulp\cmd-draw-wire-clac-ellipse4.bmp
F 1166004980 7862 C:\Program Files (x86)\EAGLE-6.3.0\ulp\cmd-draw-wire-degstep-none.bmp
F 1166004980 7862 C:\Program Files (x86)\EAGLE-6.3.0\ulp\cmd-draw-wire-ellipse.bmp
F 1166004980 7862 C:\Program Files (x86)\EAGLE-6.3.0\ulp\cmd-draw-wire-none.bmp
F 1166004980 7862 C:\Program Files (x86)\EAGLE-6.3.0\ulp\cmd-draw-wire-step-ellipse.bmp
F 1166004980 7862 C:\Program Files (x86)\EAGLE-6.3.0\ulp\cmd-draw-wire-step-ellipse4.bmp
F 1334318520 65984 C:\Program Files (x86)\EAGLE-6.3.0\ulp\cmd-draw.ulp
F 1263294420 9843 C:\Program Files (x86)\EAGLE-6.3.0\ulp\cmd-net-list2sch.ulp
F 1144059370 9179 C:\Program Files (x86)\EAGLE-6.3.0\ulp\cmd-netscript2sch.ulp
F 1023098960 5865 C:\Program Files (x86)\EAGLE-6.3.0\ulp\cmd-place-restrict-name-value.ulp
F 1166004980 1010 C:\Program Files (x86)\EAGLE-6.3.0\ulp\cmd-rename-in-lbr.ulp
F 1059732660 26727 C:\Program Files (x86)\EAGLE-6.3.0\ulp\cmd-renumber.ulp
F 1017310150 2532 C:\Program Files (x86)\EAGLE-6.3.0\ulp\cmd-showzoom.ulp
F 1239707100 6673 C:\Program Files (x86)\EAGLE-6.3.0\ulp\cmd-snap-board.ulp
F 1023098960 4460 C:\Program Files (x86)\EAGLE-6.3.0\ulp\cmd-snappads.ulp
F 1349697780 11542 C:\Program Files (x86)\EAGLE-6.3.0\ulp\connect-device-split-symbol.ulp
F 1269947280 14703 C:\Program Files (x86)\EAGLE-6.3.0\ulp\copy-layer-to-any-layer.ulp
F 1059732660 8338 C:\Program Files (x86)\EAGLE-6.3.0\ulp\copy-silk-screen.ulp
F 1144059370 2955 C:\Program Files (x86)\EAGLE-6.3.0\ulp\copy-text-as-wire.ulp
F 1263294420 11602 C:\Program Files (x86)\EAGLE-6.3.0\ulp\copy-wire-to-solder-mask.ulp
F 1017310150 1404 C:\Program Files (x86)\EAGLE-6.3.0\ulp\count.ulp
F 1017310150 1017 C:\Program Files (x86)\EAGLE-6.3.0\ulp\del-devices.ulp
F 1017310150 1134 C:\Program Files (x86)\EAGLE-6.3.0\ulp\del-empty-devices.ulp
F 1017310150 2430 C:\Program Files (x86)\EAGLE-6.3.0\ulp\del-pack-sym.ulp
F 1166004980 904 C:\Program Files (x86)\EAGLE-6.3.0\ulp\DESCRIPTION
F 1349697780 36354 C:\Program Files (x86)\EAGLE-6.3.0\ulp\designlink-inc.ulp
F 1349722684 15879 C:\Program Files (x86)\EAGLE-6.3.0\ulp\designlink-lbr.ulp
F 1349722684 26856 C:\Program Files (x86)\EAGLE-6.3.0\ulp\designlink-order.ulp
F 1214910060 14431 C:\Program Files (x86)\EAGLE-6.3.0\ulp\dif40.ulp
F 1017310150 4706 C:\Program Files (x86)\EAGLE-6.3.0\ulp\dose-pro.ulp
F 1225105380 2397 C:\Program Files (x86)\EAGLE-6.3.0\ulp\drill-aid.ulp
F 1017310150 3170 C:\Program Files (x86)\EAGLE-6.3.0\ulp\drillcfg.ulp
F 1334318520 46324 C:\Program Files (x86)\EAGLE-6.3.0\ulp\drillegend-stack.ulp
F 1349697780 49876 C:\Program Files (x86)\EAGLE-6.3.0\ulp\dxf.ulp
F 1334318520 49091 C:\Program Files (x86)\EAGLE-6.3.0\ulp\e-attributverwaltung.ulp
F 1292238660 15112 C:\Program Files (x86)\EAGLE-6.3.0\ulp\e-bauteil-erstellen.ulp
F 1263294420 34094 C:\Program Files (x86)\EAGLE-6.3.0\ulp\e-brueckenverwaltung.ulp
F 1263294420 40430 C:\Program Files (x86)\EAGLE-6.3.0\ulp\e-klemmenplan.ulp
F 1214910060 10545 C:\Program Files (x86)\EAGLE-6.3.0\ulp\e-makelist.ulp
F 1334318520 3935 C:\Program Files (x86)\EAGLE-6.3.0\ulp\e-packages-aus-devices-pin-ist-padname.ulp
F 1017310150 12102 C:\Program Files (x86)\EAGLE-6.3.0\ulp\eagle.bmp
F 1166004980 7476 C:\Program Files (x86)\EAGLE-6.3.0\ulp\edit-used-dev-pac-sym.ulp
F 1017310150 1516 C:\Program Files (x86)\EAGLE-6.3.0\ulp\editnext-dev-sym-pac.ulp
F 1080123080 830 C:\Program Files (x86)\EAGLE-6.3.0\ulp\editnext-lbr.ulp
F 1017310150 486 C:\Program Files (x86)\EAGLE-6.3.0\ulp\editnext-sheet.ulp
F 1017310150 1505 C:\Program Files (x86)\EAGLE-6.3.0\ulp\editprev-dev-sym-pac.ulp
F 1080123080 854 C:\Program Files (x86)\EAGLE-6.3.0\ulp\editprev-lbr.ulp
F 1017310150 412 C:\Program Files (x86)\EAGLE-6.3.0\ulp\editprev-sheet.ulp
F 1017310150 468 C:\Program Files (x86)\EAGLE-6.3.0\ulp\ex-argv-path.ulp
F 1144059370 18696 C:\Program Files (x86)\EAGLE-6.3.0\ulp\ex-dialogs.ulp
F 1017310150 718 C:\Program Files (x86)\EAGLE-6.3.0\ulp\ex-dlglist.ulp
F 1017310150 757 C:\Program Files (x86)\EAGLE-6.3.0\ulp\ex-file-copy.ulp
F 1269947280 623 C:\Program Files (x86)\EAGLE-6.3.0\ulp\ex-include.ulp
F 1017310150 1781 C:\Program Files (x86)\EAGLE-6.3.0\ulp\ex-input-file.ulp
F 1112091240 2296 C:\Program Files (x86)\EAGLE-6.3.0\ulp\ex-loop-lbrs.ulp
F 1017310150 867 C:\Program Files (x86)\EAGLE-6.3.0\ulp\ex-run-script.ulp
F 1017310150 2591 C:\Program Files (x86)\EAGLE-6.3.0\ulp\exp-descr-html.ulp
F 1017310150 2995 C:\Program Files (x86)\EAGLE-6.3.0\ulp\exp-descr-script.ulp
F 1349697780 37448 C:\Program Files (x86)\EAGLE-6.3.0\ulp\exp-project-lbr.ulp
F 1214910060 10795 C:\Program Files (x86)\EAGLE-6.3.0\ulp\exp2image.ulp
F 1323774720 2678 C:\Program Files (x86)\EAGLE-6.3.0\ulp\export-class.ulp
F 1214910060 2853 C:\Program Files (x86)\EAGLE-6.3.0\ulp\export-ict-netlist-pad-coordinates.ulp
F 1323774720 46955 C:\Program Files (x86)\EAGLE-6.3.0\ulp\fabmaster.ulp
F 1080123080 3368 C:\Program Files (x86)\EAGLE-6.3.0\ulp\fill-via4vacuum.ulp
F 1323774720 16582 C:\Program Files (x86)\EAGLE-6.3.0\ulp\find-single-ended-wire.ulp
F 1323774720 45365 C:\Program Files (x86)\EAGLE-6.3.0\ulp\find.ulp
F 1017310150 4092 C:\Program Files (x86)\EAGLE-6.3.0\ulp\gluemark.ulp
F 1017310150 1300 C:\Program Files (x86)\EAGLE-6.3.0\ulp\glueout.ulp
F 1334318520 74738 C:\Program Files (x86)\EAGLE-6.3.0\ulp\hyperlynx.ulp
F 1017310150 82254 C:\Program Files (x86)\EAGLE-6.3.0\ulp\import-bmp-c256.bmp
F 1017310150 9118 C:\Program Files (x86)\EAGLE-6.3.0\ulp\import-bmp-dpi.bmp
F 1017310150 9118 C:\Program Files (x86)\EAGLE-6.3.0\ulp\import-bmp-ratio.bmp
F 1017310150 9118 C:\Program Files (x86)\EAGLE-6.3.0\ulp\import-bmp-scale.bmp
F 1275909000 40358 C:\Program Files (x86)\EAGLE-6.3.0\ulp\import-bmp.ulp
F 1017310150 58450 C:\Program Files (x86)\EAGLE-6.3.0\ulp\import-ultiboard-ddf.ulp
F 1334318520 5430 C:\Program Files (x86)\EAGLE-6.3.0\ulp\ipc-d-356.ulp
F 1059732660 5577 C:\Program Files (x86)\EAGLE-6.3.0\ulp\length-freq-ri.ulp
F 1334318520 7462 C:\Program Files (x86)\EAGLE-6.3.0\ulp\length.ulp
F 1323774720 11010 C:\Program Files (x86)\EAGLE-6.3.0\ulp\make-group2pac.ulp
F 1208775600 7126 C:\Program Files (x86)\EAGLE-6.3.0\ulp\make-long-pad-inner-layer.ulp
F 1323774720 4597 C:\Program Files (x86)\EAGLE-6.3.0\ulp\make-package-consistent-brd-sch.ulp
F 1326369660 142820 C:\Program Files (x86)\EAGLE-6.3.0\ulp\make-symbol-device-package-bsdl.ulp
F 1166004980 18672 C:\Program Files (x86)\EAGLE-6.3.0\ulp\make-value-consistent.ulp
F 1166004980 28278 C:\Program Files (x86)\EAGLE-6.3.0\ulp\make_bga_package.bmp
F 1323774720 2134 C:\Program Files (x86)\EAGLE-6.3.0\ulp\make_package_dual.bmp
F 1323774720 5422 C:\Program Files (x86)\EAGLE-6.3.0\ulp\make_package_meass_pacinfo.bmp
F 1323774720 5422 C:\Program Files (x86)\EAGLE-6.3.0\ulp\make_package_meass_pacinfo2.bmp
F 1323774720 5638 C:\Program Files (x86)\EAGLE-6.3.0\ulp\make_package_meass_padinfo-oct.bmp
F 1323774720 5638 C:\Program Files (x86)\EAGLE-6.3.0\ulp\make_package_meass_padinfo-round.bmp
F 1323774720 5638 C:\Program Files (x86)\EAGLE-6.3.0\ulp\make_package_meass_padinfo-sqr.bmp
F 1323774720 5638 C:\Program Files (x86)\EAGLE-6.3.0\ulp\make_package_meass_smdinfo.bmp
F 1323774720 2134 C:\Program Files (x86)\EAGLE-6.3.0\ulp\make_package_quad_left.bmp
F 1323774720 2134 C:\Program Files (x86)\EAGLE-6.3.0\ulp\make_package_quad_middle.bmp
F 1103019190 3118 C:\Program Files (x86)\EAGLE-6.3.0\ulp\make_symbol_dual1.bmp
F 1103019190 3118 C:\Program Files (x86)\EAGLE-6.3.0\ulp\make_symbol_dual2.bmp
F 1103019190 3118 C:\Program Files (x86)\EAGLE-6.3.0\ulp\make_symbol_quad.bmp
F 1103019190 3118 C:\Program Files (x86)\EAGLE-6.3.0\ulp\make_symbol_single.bmp
F 1166004980 3118 C:\Program Files (x86)\EAGLE-6.3.0\ulp\make_symbol_stripe.bmp
F 1275909000 35758 C:\Program Files (x86)\EAGLE-6.3.0\ulp\maskdata.ulp
F 1134382560 42118 C:\Program Files (x86)\EAGLE-6.3.0\ulp\microstrip-radial-stub.bmp
F 1134382560 10461 C:\Program Files (x86)\EAGLE-6.3.0\ulp\microstrip-radial-stub.ulp
F 1059732660 16078 C:\Program Files (x86)\EAGLE-6.3.0\ulp\mill-outlines-bott.bmp
F 1134382560 23638 C:\Program Files (x86)\EAGLE-6.3.0\ulp\mill-outlines-cnc-dim-down.bmp
F 1103019190 16078 C:\Program Files (x86)\EAGLE-6.3.0\ulp\mill-outlines-cnc-down.bmp
F 1103019190 16078 C:\Program Files (x86)\EAGLE-6.3.0\ulp\mill-outlines-cnc-drill-down.bmp
F 1103019190 16078 C:\Program Files (x86)\EAGLE-6.3.0\ulp\mill-outlines-cnc-drill-safety.bmp
F 1103019190 16078 C:\Program Files (x86)\EAGLE-6.3.0\ulp\mill-outlines-cnc-fastvelocity.bmp
F 1134382560 16278 C:\Program Files (x86)\EAGLE-6.3.0\ulp\mill-outlines-cnc-parkposition.bmp
F 1103019190 16078 C:\Program Files (x86)\EAGLE-6.3.0\ulp\mill-outlines-cnc-rpm.bmp
F 1103019190 16078 C:\Program Files (x86)\EAGLE-6.3.0\ulp\mill-outlines-cnc-safety.bmp
F 1103019190 16078 C:\Program Files (x86)\EAGLE-6.3.0\ulp\mill-outlines-cnc-up.bmp
F 1103019190 16078 C:\Program Files (x86)\EAGLE-6.3.0\ulp\mill-outlines-cnc-velocity.bmp
F 1080123080 16078 C:\Program Files (x86)\EAGLE-6.3.0\ulp\mill-outlines-cnc.bmp
F 1017310150 16278 C:\Program Files (x86)\EAGLE-6.3.0\ulp\mill-outlines-coppdim.bmp
F 1269947280 14070 C:\Program Files (x86)\EAGLE-6.3.0\ulp\mill-outlines-dimension-contours.bmp
F 1059732660 2806 C:\Program Files (x86)\EAGLE-6.3.0\ulp\mill-outlines-drc-info.bmp
F 1103019190 16078 C:\Program Files (x86)\EAGLE-6.3.0\ulp\mill-outlines-drill-velocity.bmp
F 1103019190 16078 C:\Program Files (x86)\EAGLE-6.3.0\ulp\mill-outlines-drill.bmp
F 1017310150 16078 C:\Program Files (x86)\EAGLE-6.3.0\ulp\mill-outlines-eagle.bmp
F 1017310150 16078 C:\Program Files (x86)\EAGLE-6.3.0\ulp\mill-outlines-free.bmp
F 1323774720 16278 C:\Program Files (x86)\EAGLE-6.3.0\ulp\mill-outlines-get_board_zero.bmp
F 1017310150 16078 C:\Program Files (x86)\EAGLE-6.3.0\ulp\mill-outlines-hole.bmp
F 1059732660 16078 C:\Program Files (x86)\EAGLE-6.3.0\ulp\mill-outlines-hpgl.bmp
F 1269947280 15478 C:\Program Files (x86)\EAGLE-6.3.0\ulp\mill-outlines-inner-polygon-contour.bmp
F 1269947280 15478 C:\Program Files (x86)\EAGLE-6.3.0\ulp\mill-outlines-inner-polygon-contour1.bmp
F 1103019190 31094 C:\Program Files (x86)\EAGLE-6.3.0\ulp\mill-outlines-inside-milling.bmp
F 1103019190 16078 C:\Program Files (x86)\EAGLE-6.3.0\ulp\mill-outlines-isel.bmp
F 1059732660 16078 C:\Program Files (x86)\EAGLE-6.3.0\ulp\mill-outlines-isol-pour.bmp
F 1059732660 16278 C:\Program Files (x86)\EAGLE-6.3.0\ulp\mill-outlines-mildimension.bmp
F 1091614380 9238 C:\Program Files (x86)\EAGLE-6.3.0\ulp\mill-outlines-mirror-nc-bottom.bmp
F 1091614380 9238 C:\Program Files (x86)\EAGLE-6.3.0\ulp\mill-outlines-mirror-nc-top.bmp
F 1017310150 16078 C:\Program Files (x86)\EAGLE-6.3.0\ulp\mill-outlines-mirror.bmp
F 1323774720 15318 C:\Program Files (x86)\EAGLE-6.3.0\ulp\mill-outlines-multi-dimension.bmp
F 1059732660 16078 C:\Program Files (x86)\EAGLE-6.3.0\ulp\mill-outlines-no-blowup.bmp
F 1017310150 16078 C:\Program Files (x86)\EAGLE-6.3.0\ulp\mill-outlines-nomir.bmp
F 1323774720 17798 C:\Program Files (x86)\EAGLE-6.3.0\ulp\mill-outlines-null_reference-drilling.bmp
F 1323774720 17798 C:\Program Files (x86)\EAGLE-6.3.0\ulp\mill-outlines-null_reference.bmp
F 1017310150 16078 C:\Program Files (x86)\EAGLE-6.3.0\ulp\mill-outlines-ovrlpfp.bmp
F 1323774720 16078 C:\Program Files (x86)\EAGLE-6.3.0\ulp\mill-outlines-ovrlppp.bmp
F 1119348900 16078 C:\Program Files (x86)\EAGLE-6.3.0\ulp\mill-outlines-plus-text.bmp
F 1017310150 16078 C:\Program Files (x86)\EAGLE-6.3.0\ulp\mill-outlines-pour.bmp
F 1091614380 7918 C:\Program Files (x86)\EAGLE-6.3.0\ulp\mill-outlines-question.bmp
F 1323774720 16078 C:\Program Files (x86)\EAGLE-6.3.0\ulp\mill-outlines-resolution.bmp
F 1059732660 16078 C:\Program Files (x86)\EAGLE-6.3.0\ulp\mill-outlines-script.bmp
F 1091614380 16078 C:\Program Files (x86)\EAGLE-6.3.0\ulp\mill-outlines-sec-isol.bmp
F 1059732660 16078 C:\Program Files (x86)\EAGLE-6.3.0\ulp\mill-outlines-sec-isolate.bmp
F 1017310150 16078 C:\Program Files (x86)\EAGLE-6.3.0\ulp\mill-outlines-spacing.bmp
F 1059732660 16078 C:\Program Files (x86)\EAGLE-6.3.0\ulp\mill-outlines-top.bmp
F 1017310150 16078 C:\Program Files (x86)\EAGLE-6.3.0\ulp\mill-outlines-via.bmp
F 1334318520 1608 C:\Program Files (x86)\EAGLE-6.3.0\ulp\mill-outlines.def
F 1334318520 269680 C:\Program Files (x86)\EAGLE-6.3.0\ulp\mill-outlines.ulp
F 1323774720 17246 C:\Program Files (x86)\EAGLE-6.3.0\ulp\mirror-board-remirror-element-swap-layer.ulp
F 1263294420 9243 C:\Program Files (x86)\EAGLE-6.3.0\ulp\mirror-board.ulp
F 1334318520 2025 C:\Program Files (x86)\EAGLE-6.3.0\ulp\mkdir.ulp
F 1166004980 2147 C:\Program Files (x86)\EAGLE-6.3.0\ulp\mount-marks-smd.ulp
F 1208775600 2076 C:\Program Files (x86)\EAGLE-6.3.0\ulp\mount-marks.ulp
F 1292238660 10288 C:\Program Files (x86)\EAGLE-6.3.0\ulp\mount-trace.ulp
F 1349697780 1624 C:\Program Files (x86)\EAGLE-6.3.0\ulp\mount.ulp
F 1349697780 2621 C:\Program Files (x86)\EAGLE-6.3.0\ulp\mountsmd.ulp
F 1292238660 15714 C:\Program Files (x86)\EAGLE-6.3.0\ulp\netlist-converter.ulp
F 1017310150 958 C:\Program Files (x86)\EAGLE-6.3.0\ulp\nextdevdescript.ulp
F 1017310150 1000 C:\Program Files (x86)\EAGLE-6.3.0\ulp\nextpacdescript.ulp
F 1231412640 8728 C:\Program Files (x86)\EAGLE-6.3.0\ulp\normalize-text.ulp
F 1080123080 12627 C:\Program Files (x86)\EAGLE-6.3.0\ulp\outlines.ulp
F 1166004980 3972 C:\Program Files (x86)\EAGLE-6.3.0\ulp\panelize.ulp
F 1017310150 2868 C:\Program Files (x86)\EAGLE-6.3.0\ulp\part2html.ulp
F 1349697780 27750 C:\Program Files (x86)\EAGLE-6.3.0\ulp\pcb-service.ulp
F 1017310150 952 C:\Program Files (x86)\EAGLE-6.3.0\ulp\prevdevdescript.ulp
F 1017310150 947 C:\Program Files (x86)\EAGLE-6.3.0\ulp\prevpacdescript.ulp
F 1112091240 66758 C:\Program Files (x86)\EAGLE-6.3.0\ulp\print-inductor-ulp.bmp
F 1112091240 23719 C:\Program Files (x86)\EAGLE-6.3.0\ulp\print-inductor.ulp
F 1112091240 66758 C:\Program Files (x86)\EAGLE-6.3.0\ulp\print-spiral.bmp
F 1017310150 2031 C:\Program Files (x86)\EAGLE-6.3.0\ulp\remove-dev-sym-pac.ulp
F 1323774720 5622 C:\Program Files (x86)\EAGLE-6.3.0\ulp\remove-unused-packages.ulp
F 1214910060 1205 C:\Program Files (x86)\EAGLE-6.3.0\ulp\rename-signal.ulp
F 1112091240 3198 C:\Program Files (x86)\EAGLE-6.3.0\ulp\renamnet-suffix.ulp
F 1349697780 17174 C:\Program Files (x86)\EAGLE-6.3.0\ulp\renumber-sheet.ulp
F 1349697780 52241 C:\Program Files (x86)\EAGLE-6.3.0\ulp\route-bga.ulp
F 1225105380 671 C:\Program Files (x86)\EAGLE-6.3.0\ulp\run-loop-all-devicesets-script.ulp
F 1144059370 948 C:\Program Files (x86)\EAGLE-6.3.0\ulp\run-loop-all-lbr-script.ulp
F 1144059370 1042 C:\Program Files (x86)\EAGLE-6.3.0\ulp\run-loop-all-lbr-ulp.ulp
F 1225105380 660 C:\Program Files (x86)\EAGLE-6.3.0\ulp\run-loop-all-packages-script.ulp
F 1323774720 852 C:\Program Files (x86)\EAGLE-6.3.0\ulp\run-loop-all-schematic-script.ulp
F 1225105380 657 C:\Program Files (x86)\EAGLE-6.3.0\ulp\run-loop-all-symbols-script.ulp
F 1225105380 4761 C:\Program Files (x86)\EAGLE-6.3.0\ulp\set-all-devices-attribute.ulp
F 1134382560 1169 C:\Program Files (x86)\EAGLE-6.3.0\ulp\set_name_value.ulp
F 1334318520 768 C:\Program Files (x86)\EAGLE-6.3.0\ulp\show-group.ulp
F 1231412640 3182 C:\Program Files (x86)\EAGLE-6.3.0\ulp\showclass.ulp
F 1080123080 6706 C:\Program Files (x86)\EAGLE-6.3.0\ulp\silk.ulp
F 1017310150 1273 C:\Program Files (x86)\EAGLE-6.3.0\ulp\smash-all-sch.ulp
F 1017310150 2670 C:\Program Files (x86)\EAGLE-6.3.0\ulp\smd-coordinate.ulp
F 1059732660 10434 C:\Program Files (x86)\EAGLE-6.3.0\ulp\snap-on-grid-sch.ulp
F 1080123080 1094 C:\Program Files (x86)\EAGLE-6.3.0\ulp\snap-pin-in-symbol.ulp
F 1059732660 19990 C:\Program Files (x86)\EAGLE-6.3.0\ulp\spiral-coil-ulp.bmp
F 1112091240 15196 C:\Program Files (x86)\EAGLE-6.3.0\ulp\spiral-coil.ulp
F 1166004980 7341 C:\Program Files (x86)\EAGLE-6.3.0\ulp\split-device-symbol.ulp
F 1091614380 86 C:\Program Files (x86)\EAGLE-6.3.0\ulp\statistic-brd-checkmin.val
F 1349697780 90395 C:\Program Files (x86)\EAGLE-6.3.0\ulp\statistic-brd.ulp
F 1275909000 16126 C:\Program Files (x86)\EAGLE-6.3.0\ulp\statistic-copper-plane.ulp
F 1208775600 22005 C:\Program Files (x86)\EAGLE-6.3.0\ulp\statistic-lbr.ulp
F 1208775600 20680 C:\Program Files (x86)\EAGLE-6.3.0\ulp\statistic-sch.ulp
F 1017310150 198 C:\Program Files (x86)\EAGLE-6.3.0\ulp\statistic_attention_min_value.bmp
F 1334318520 26894 C:\Program Files (x86)\EAGLE-6.3.0\ulp\teardrops.ulp
F 1208775600 2829 C:\Program Files (x86)\EAGLE-6.3.0\ulp\trace-layer.ulp
F 1059732660 356 C:\Program Files (x86)\EAGLE-6.3.0\ulp\ulpmessage.ulp
F 1119348900 35567 C:\Program Files (x86)\EAGLE-6.3.0\ulp\unidat.ulp
F 1080123080 296 C:\Program Files (x86)\EAGLE-6.3.0\ulp\update-packages.ulp
F 1017310150 1829 C:\Program Files (x86)\EAGLE-6.3.0\ulp\useful-routines.ulp
F 1017310150 1126 C:\Program Files (x86)\EAGLE-6.3.0\ulp\warning.bmp
F 0 0 C:\Program Files (x86)\EAGLE-6.3.0\bin\eagle.key
F 1349722684 12754944 C:\Program Files (x86)\EAGLE-6.3.0\bin\eaglecon.exe
R HKEY_LOCAL_MACHINE\Software\CadSoft\EAGLE\6.3.0
R HKEY_LOCAL_MACHINE\Software\Microsoft\Windows\CurrentVersion\App Paths\eagle.exe
R HKEY_CLASSES_ROOT\Applications\eagle.exe\shell\open\command
R HKEY_LOCAL_MACHINE\Software\Microsoft\Windows\CurrentVersion\Uninstall\EAGLE 6.3.0
D C:\ProgramData\Microsoft\Windows\Start Menu\Programs\EAGLE Layout Editor 6.3.0
F 0 0 C:\ProgramData\Microsoft\Windows\Start Menu\Programs\EAGLE Layout Editor 6.3.0\EAGLE 6.3.0.lnk
F 0 0 C:\ProgramData\Microsoft\Windows\Start Menu\Programs\EAGLE Layout Editor 6.3.0\Manual.lnk
F 0 0 C:\ProgramData\Microsoft\Windows\Start Menu\Programs\EAGLE Layout Editor 6.3.0\Tutorial.lnk
F 0 0 C:\ProgramData\Microsoft\Windows\Start Menu\Programs\EAGLE Layout Editor 6.3.0\Update Documentation.lnk
F 0 0 C:\ProgramData\Microsoft\Windows\Start Menu\Programs\EAGLE Layout Editor 6.3.0\Readme.lnk
